mode: atomic
github.com/zeroroot-ai/gibson/internal/component/attributes.go:69.69,70.22 1 0
github.com/zeroroot-ai/gibson/internal/component/attributes.go:70.22,72.3 1 0
github.com/zeroroot-ai/gibson/internal/component/attributes.go:74.2,86.26 3 0
github.com/zeroroot-ai/gibson/internal/component/attributes.go:86.26,88.3 1 0
github.com/zeroroot-ai/gibson/internal/component/attributes.go:91.2,91.24 1 0
github.com/zeroroot-ai/gibson/internal/component/attributes.go:91.24,93.3 1 0
github.com/zeroroot-ai/gibson/internal/component/attributes.go:96.2,96.23 1 0
github.com/zeroroot-ai/gibson/internal/component/attributes.go:96.23,98.3 1 0
github.com/zeroroot-ai/gibson/internal/component/attributes.go:101.2,101.35 1 0
github.com/zeroroot-ai/gibson/internal/component/attributes.go:101.35,103.3 1 0
github.com/zeroroot-ai/gibson/internal/component/attributes.go:105.2,105.35 1 0
github.com/zeroroot-ai/gibson/internal/component/attributes.go:105.35,107.3 1 0
github.com/zeroroot-ai/gibson/internal/component/attributes.go:109.2,109.32 1 0
github.com/zeroroot-ai/gibson/internal/component/attributes.go:109.32,111.3 1 0
github.com/zeroroot-ai/gibson/internal/component/attributes.go:113.2,113.32 1 0
github.com/zeroroot-ai/gibson/internal/component/attributes.go:113.32,115.3 1 0
github.com/zeroroot-ai/gibson/internal/component/attributes.go:118.2,118.31 1 0
github.com/zeroroot-ai/gibson/internal/component/attributes.go:118.31,120.3 1 0
github.com/zeroroot-ai/gibson/internal/component/attributes.go:122.2,122.14 1 0
github.com/zeroroot-ai/gibson/internal/component/attributes.go:127.68,128.37 1 0
github.com/zeroroot-ai/gibson/internal/component/attributes.go:128.37,130.3 1 0
github.com/zeroroot-ai/gibson/internal/component/attributes.go:132.2,132.55 1 0
github.com/zeroroot-ai/gibson/internal/component/attributes.go:137.66,138.21 1 0
github.com/zeroroot-ai/gibson/internal/component/attributes.go:138.21,140.3 1 0
github.com/zeroroot-ai/gibson/internal/component/attributes.go:142.2,145.32 2 0
github.com/zeroroot-ai/gibson/internal/component/attributes.go:145.32,147.3 1 0
github.com/zeroroot-ai/gibson/internal/component/attributes.go:149.2,149.27 1 0
github.com/zeroroot-ai/gibson/internal/component/attributes.go:149.27,151.3 1 0
github.com/zeroroot-ai/gibson/internal/component/attributes.go:153.2,153.28 1 0
github.com/zeroroot-ai/gibson/internal/component/attributes.go:153.28,155.3 1 0
github.com/zeroroot-ai/gibson/internal/component/attributes.go:158.2,158.39 1 0
github.com/zeroroot-ai/gibson/internal/component/attributes.go:158.39,160.3 1 0
github.com/zeroroot-ai/gibson/internal/component/attributes.go:162.2,162.38 1 0
github.com/zeroroot-ai/gibson/internal/component/attributes.go:162.38,164.3 1 0
github.com/zeroroot-ai/gibson/internal/component/attributes.go:167.2,167.59 1 0
github.com/zeroroot-ai/gibson/internal/component/attributes.go:167.59,169.3 1 0
github.com/zeroroot-ai/gibson/internal/component/attributes.go:177.2,177.14 1 0
github.com/zeroroot-ai/gibson/internal/component/attributes.go:182.74,183.19 1 0
github.com/zeroroot-ai/gibson/internal/component/attributes.go:183.19,185.3 1 0
github.com/zeroroot-ai/gibson/internal/component/attributes.go:187.2,195.23 3 0
github.com/zeroroot-ai/gibson/internal/component/attributes.go:195.23,197.3 1 0
github.com/zeroroot-ai/gibson/internal/component/attributes.go:199.2,199.30 1 0
github.com/zeroroot-ai/gibson/internal/component/attributes.go:199.30,203.3 2 0
github.com/zeroroot-ai/gibson/internal/component/attributes.go:205.2,205.14 1 0
github.com/zeroroot-ai/gibson/internal/component/attributes.go:210.72,211.19 1 0
github.com/zeroroot-ai/gibson/internal/component/attributes.go:211.19,213.3 1 0
github.com/zeroroot-ai/gibson/internal/component/attributes.go:215.2,223.29 3 0
github.com/zeroroot-ai/gibson/internal/component/attributes.go:223.29,225.3 1 0
github.com/zeroroot-ai/gibson/internal/component/attributes.go:227.2,227.29 1 0
github.com/zeroroot-ai/gibson/internal/component/attributes.go:227.29,229.3 1 0
github.com/zeroroot-ai/gibson/internal/component/attributes.go:231.2,231.23 1 0
github.com/zeroroot-ai/gibson/internal/component/attributes.go:231.23,233.3 1 0
github.com/zeroroot-ai/gibson/internal/component/attributes.go:235.2,235.30 1 0
github.com/zeroroot-ai/gibson/internal/component/attributes.go:235.30,239.3 2 0
github.com/zeroroot-ai/gibson/internal/component/attributes.go:241.2,241.14 1 0
github.com/zeroroot-ai/gibson/internal/component/attributes.go:246.78,247.19 1 0
github.com/zeroroot-ai/gibson/internal/component/attributes.go:247.19,249.3 1 0
github.com/zeroroot-ai/gibson/internal/component/attributes.go:251.2,259.23 2 0
github.com/zeroroot-ai/gibson/internal/component/attributes.go:259.23,261.3 1 0
github.com/zeroroot-ai/gibson/internal/component/attributes.go:263.2,263.14 1 0
github.com/zeroroot-ai/gibson/internal/component/attributes.go:268.91,273.14 2 0
github.com/zeroroot-ai/gibson/internal/component/attributes.go:273.14,275.3 1 0
github.com/zeroroot-ai/gibson/internal/component/attributes.go:277.2,277.18 1 0
github.com/zeroroot-ai/gibson/internal/component/attributes.go:277.18,279.3 1 0
github.com/zeroroot-ai/gibson/internal/component/attributes.go:281.2,281.14 1 0
github.com/zeroroot-ai/gibson/internal/component/attributes.go:286.72,287.16 1 0
github.com/zeroroot-ai/gibson/internal/component/attributes.go:287.16,289.3 1 0
github.com/zeroroot-ai/gibson/internal/component/attributes.go:291.2,296.21 2 0
github.com/zeroroot-ai/gibson/internal/component/attributes.go:296.21,298.3 1 0
github.com/zeroroot-ai/gibson/internal/component/attributes.go:301.2,301.46 1 0
github.com/zeroroot-ai/gibson/internal/component/attributes.go:301.46,311.3 1 0
github.com/zeroroot-ai/gibson/internal/component/attributes.go:313.2,313.14 1 0
github.com/zeroroot-ai/gibson/internal/component/config.go:55.44,57.18 1 74
github.com/zeroroot-ai/gibson/internal/component/config.go:57.18,59.3 1 6
github.com/zeroroot-ai/gibson/internal/component/config.go:60.2,60.32 1 68
github.com/zeroroot-ai/gibson/internal/component/config.go:60.32,62.3 1 3
github.com/zeroroot-ai/gibson/internal/component/config.go:65.2,65.25 1 65
github.com/zeroroot-ai/gibson/internal/component/config.go:65.25,67.3 1 3
github.com/zeroroot-ai/gibson/internal/component/config.go:70.2,70.18 1 62
github.com/zeroroot-ai/gibson/internal/component/config.go:71.31,72.19 1 9
github.com/zeroroot-ai/gibson/internal/component/config.go:72.19,74.4 1 4
github.com/zeroroot-ai/gibson/internal/component/config.go:75.29,76.19 1 12
github.com/zeroroot-ai/gibson/internal/component/config.go:76.19,78.4 1 2
github.com/zeroroot-ai/gibson/internal/component/config.go:80.3,80.36 1 10
github.com/zeroroot-ai/gibson/internal/component/config.go:80.36,82.4 1 1
github.com/zeroroot-ai/gibson/internal/component/config.go:85.2,85.12 1 55
github.com/zeroroot-ai/gibson/internal/component/config.go:89.64,90.23 1 3
github.com/zeroroot-ai/gibson/internal/component/config.go:90.23,92.3 1 1
github.com/zeroroot-ai/gibson/internal/component/config.go:93.2,93.19 1 2
github.com/zeroroot-ai/gibson/internal/component/config.go:97.46,99.2 1 2
github.com/zeroroot-ai/gibson/internal/component/config.go:103.47,108.35 2 18
github.com/zeroroot-ai/gibson/internal/component/config.go:108.35,109.42 1 15
github.com/zeroroot-ai/gibson/internal/component/config.go:109.42,111.4 1 1
github.com/zeroroot-ai/gibson/internal/component/config.go:112.3,112.24 1 14
github.com/zeroroot-ai/gibson/internal/component/config.go:112.24,114.4 1 1
github.com/zeroroot-ai/gibson/internal/component/config.go:115.3,115.27 1 13
github.com/zeroroot-ai/gibson/internal/component/config.go:119.2,119.33 1 16
github.com/zeroroot-ai/gibson/internal/component/config.go:119.33,120.41 1 8
github.com/zeroroot-ai/gibson/internal/component/config.go:120.41,122.4 1 1
github.com/zeroroot-ai/gibson/internal/component/config.go:123.3,123.23 1 7
github.com/zeroroot-ai/gibson/internal/component/config.go:123.23,125.4 1 2
github.com/zeroroot-ai/gibson/internal/component/config.go:126.3,126.26 1 5
github.com/zeroroot-ai/gibson/internal/component/config.go:130.2,130.37 1 13
github.com/zeroroot-ai/gibson/internal/component/config.go:130.37,131.43 1 5
github.com/zeroroot-ai/gibson/internal/component/config.go:131.43,133.4 1 1
github.com/zeroroot-ai/gibson/internal/component/config.go:134.3,134.25 1 4
github.com/zeroroot-ai/gibson/internal/component/config.go:134.25,136.4 1 0
github.com/zeroroot-ai/gibson/internal/component/config.go:137.3,137.28 1 4
github.com/zeroroot-ai/gibson/internal/component/config.go:140.2,140.12 1 12
github.com/zeroroot-ai/gibson/internal/component/config.go:144.64,150.2 5 6
github.com/zeroroot-ai/gibson/internal/component/config.go:153.85,154.14 1 4
github.com/zeroroot-ai/gibson/internal/component/config.go:155.26,156.20 1 1
github.com/zeroroot-ai/gibson/internal/component/config.go:157.25,158.19 1 1
github.com/zeroroot-ai/gibson/internal/component/config.go:159.27,160.21 1 1
github.com/zeroroot-ai/gibson/internal/component/config.go:161.10,162.29 1 1
github.com/zeroroot-ai/gibson/internal/component/config.go:177.86,180.57 2 13
github.com/zeroroot-ai/gibson/internal/component/config.go:180.57,182.3 1 1
github.com/zeroroot-ai/gibson/internal/component/config.go:185.2,186.9 2 12
github.com/zeroroot-ai/gibson/internal/component/config.go:186.9,189.3 1 1
github.com/zeroroot-ai/gibson/internal/component/config.go:192.2,193.16 2 11
github.com/zeroroot-ai/gibson/internal/component/config.go:193.16,195.3 1 0
github.com/zeroroot-ai/gibson/internal/component/config.go:197.2,198.61 2 11
github.com/zeroroot-ai/gibson/internal/component/config.go:198.61,200.3 1 0
github.com/zeroroot-ai/gibson/internal/component/config.go:203.2,208.39 4 11
github.com/zeroroot-ai/gibson/internal/component/config.go:208.39,210.3 1 1
github.com/zeroroot-ai/gibson/internal/component/config.go:212.2,212.18 1 10
github.com/zeroroot-ai/gibson/internal/component/config.go:223.114,224.26 1 36
github.com/zeroroot-ai/gibson/internal/component/config.go:224.26,226.3 1 18
github.com/zeroroot-ai/gibson/internal/component/config.go:228.2,229.34 2 18
github.com/zeroroot-ai/gibson/internal/component/config.go:229.34,230.41 1 29
github.com/zeroroot-ai/gibson/internal/component/config.go:230.41,231.21 1 9
github.com/zeroroot-ai/gibson/internal/component/config.go:231.21,233.5 1 8
github.com/zeroroot-ai/gibson/internal/component/config.go:234.4,234.12 1 9
github.com/zeroroot-ai/gibson/internal/component/config.go:236.3,236.30 1 20
github.com/zeroroot-ai/gibson/internal/component/config.go:239.2,239.14 1 18
github.com/zeroroot-ai/gibson/internal/component/config.go:247.39,248.13 1 78
github.com/zeroroot-ai/gibson/internal/component/config.go:248.13,250.3 1 1
github.com/zeroroot-ai/gibson/internal/component/config.go:253.2,254.39 2 77
github.com/zeroroot-ai/gibson/internal/component/config.go:259.68,261.2 1 5
github.com/zeroroot-ai/gibson/internal/component/config.go:265.86,267.35 1 4
github.com/zeroroot-ai/gibson/internal/component/config.go:267.35,268.25 1 4
github.com/zeroroot-ai/gibson/internal/component/config.go:268.25,270.4 1 1
github.com/zeroroot-ai/gibson/internal/component/config.go:274.2,274.33 1 3
github.com/zeroroot-ai/gibson/internal/component/config.go:274.33,275.24 1 3
github.com/zeroroot-ai/gibson/internal/component/config.go:275.24,277.4 1 1
github.com/zeroroot-ai/gibson/internal/component/config.go:281.2,281.37 1 2
github.com/zeroroot-ai/gibson/internal/component/config.go:281.37,282.26 1 2
github.com/zeroroot-ai/gibson/internal/component/config.go:282.26,284.4 1 1
github.com/zeroroot-ai/gibson/internal/component/config.go:287.2,287.33 1 1
github.com/zeroroot-ai/gibson/internal/component/config.go:291.52,293.2 1 1
github.com/zeroroot-ai/gibson/internal/component/config.go:296.51,298.43 2 1
github.com/zeroroot-ai/gibson/internal/component/config.go:298.43,299.21 1 4
github.com/zeroroot-ai/gibson/internal/component/config.go:299.21,301.4 1 2
github.com/zeroroot-ai/gibson/internal/component/config.go:303.2,303.14 1 1
github.com/zeroroot-ai/gibson/internal/component/config.go:307.87,309.43 2 3
github.com/zeroroot-ai/gibson/internal/component/config.go:309.43,310.28 1 9
github.com/zeroroot-ai/gibson/internal/component/config.go:310.28,312.4 1 6
github.com/zeroroot-ai/gibson/internal/component/config.go:314.2,314.17 1 3
github.com/zeroroot-ai/gibson/internal/component/config.go:318.68,320.43 2 1
github.com/zeroroot-ai/gibson/internal/component/config.go:320.43,321.21 1 3
github.com/zeroroot-ai/gibson/internal/component/config.go:321.21,323.4 1 2
github.com/zeroroot-ai/gibson/internal/component/config.go:325.2,325.17 1 1
github.com/zeroroot-ai/gibson/internal/component/config.go:331.77,332.18 1 2
github.com/zeroroot-ai/gibson/internal/component/config.go:332.18,334.3 1 1
github.com/zeroroot-ai/gibson/internal/component/config.go:336.2,338.53 3 1
github.com/zeroroot-ai/gibson/internal/component/config.go:342.51,344.2 1 2
github.com/zeroroot-ai/gibson/internal/component/config.go:348.49,353.2 4 5
github.com/zeroroot-ai/gibson/internal/component/errors.go:52.41,55.23 2 0
github.com/zeroroot-ai/gibson/internal/component/errors.go:55.23,57.3 1 0
github.com/zeroroot-ai/gibson/internal/component/errors.go:59.2,61.20 2 0
github.com/zeroroot-ai/gibson/internal/component/errors.go:61.20,63.3 1 0
github.com/zeroroot-ai/gibson/internal/component/errors.go:65.2,65.12 1 0
github.com/zeroroot-ai/gibson/internal/component/errors.go:70.41,72.2 1 0
github.com/zeroroot-ai/gibson/internal/component/errors.go:76.48,78.33 2 0
github.com/zeroroot-ai/gibson/internal/component/errors.go:78.33,80.3 1 0
github.com/zeroroot-ai/gibson/internal/component/errors.go:81.2,81.14 1 0
github.com/zeroroot-ai/gibson/internal/component/errors.go:86.77,87.22 1 0
github.com/zeroroot-ai/gibson/internal/component/errors.go:87.22,89.3 1 0
github.com/zeroroot-ai/gibson/internal/component/errors.go:90.2,91.10 2 0
github.com/zeroroot-ai/gibson/internal/component/errors.go:96.74,99.2 2 0
github.com/zeroroot-ai/gibson/internal/component/errors.go:102.81,109.2 1 0
github.com/zeroroot-ai/gibson/internal/component/errors.go:113.90,120.2 1 0
github.com/zeroroot-ai/gibson/internal/component/errors.go:124.95,132.2 1 0
github.com/zeroroot-ai/gibson/internal/component/errors.go:138.61,148.2 1 0
github.com/zeroroot-ai/gibson/internal/component/errors.go:152.59,162.2 1 0
github.com/zeroroot-ai/gibson/internal/component/errors.go:166.75,174.2 1 0
github.com/zeroroot-ai/gibson/internal/component/errors.go:178.60,187.2 1 0
github.com/zeroroot-ai/gibson/internal/component/errors.go:191.88,202.2 1 0
github.com/zeroroot-ai/gibson/internal/component/errors.go:206.89,217.2 1 0
github.com/zeroroot-ai/gibson/internal/component/errors.go:221.88,232.2 1 0
github.com/zeroroot-ai/gibson/internal/component/errors.go:236.76,244.2 1 0
github.com/zeroroot-ai/gibson/internal/component/errors.go:248.78,259.2 1 0
github.com/zeroroot-ai/gibson/internal/component/errors.go:263.93,274.2 1 0
github.com/zeroroot-ai/gibson/internal/component/errors.go:278.55,287.2 1 0
github.com/zeroroot-ai/gibson/internal/component/errors.go:291.59,300.2 1 0
github.com/zeroroot-ai/gibson/internal/component/errors.go:304.59,313.2 1 0
github.com/zeroroot-ai/gibson/internal/component/errors.go:317.55,326.2 1 0
github.com/zeroroot-ai/gibson/internal/component/errors.go:330.52,339.2 1 0
github.com/zeroroot-ai/gibson/internal/component/errors.go:343.61,352.2 1 0
github.com/zeroroot-ai/gibson/internal/component/errors.go:356.113,368.2 1 0
github.com/zeroroot-ai/gibson/internal/component/errors.go:372.100,384.2 1 0
github.com/zeroroot-ai/gibson/internal/component/errors.go:388.72,399.2 1 0
github.com/zeroroot-ai/gibson/internal/component/errors.go:403.59,413.2 1 0
github.com/zeroroot-ai/gibson/internal/component/errors.go:417.74,428.2 1 0
github.com/zeroroot-ai/gibson/internal/component/errors.go:432.83,443.2 1 0
github.com/zeroroot-ai/gibson/internal/component/errors.go:447.87,458.2 1 0
github.com/zeroroot-ai/gibson/internal/component/health.go:88.47,102.2 1 0
github.com/zeroroot-ai/gibson/internal/component/health.go:105.101,119.2 1 0
github.com/zeroroot-ai/gibson/internal/component/health.go:122.65,124.15 2 0
github.com/zeroroot-ai/gibson/internal/component/health.go:124.15,127.3 2 0
github.com/zeroroot-ai/gibson/internal/component/health.go:128.2,135.12 6 0
github.com/zeroroot-ai/gibson/internal/component/health.go:139.45,141.16 2 0
github.com/zeroroot-ai/gibson/internal/component/health.go:141.16,144.3 2 0
github.com/zeroroot-ai/gibson/internal/component/health.go:145.2,150.9 3 0
github.com/zeroroot-ai/gibson/internal/component/health.go:151.21,151.21 0 0
github.com/zeroroot-ai/gibson/internal/component/health.go:153.37,155.66 1 0
github.com/zeroroot-ai/gibson/internal/component/health.go:158.2,162.12 4 0
github.com/zeroroot-ai/gibson/internal/component/health.go:166.97,169.16 2 0
github.com/zeroroot-ai/gibson/internal/component/health.go:169.16,171.3 1 0
github.com/zeroroot-ai/gibson/internal/component/health.go:174.2,175.16 2 0
github.com/zeroroot-ai/gibson/internal/component/health.go:175.16,177.3 1 0
github.com/zeroroot-ai/gibson/internal/component/health.go:178.2,181.53 2 0
github.com/zeroroot-ai/gibson/internal/component/health.go:181.53,186.3 1 0
github.com/zeroroot-ai/gibson/internal/component/health.go:188.2,188.12 1 0
github.com/zeroroot-ai/gibson/internal/component/health.go:192.78,196.2 3 0
github.com/zeroroot-ai/gibson/internal/component/health.go:199.77,204.13 4 0
github.com/zeroroot-ai/gibson/internal/component/health.go:204.13,206.3 1 0
github.com/zeroroot-ai/gibson/internal/component/health.go:208.2,208.27 1 0
github.com/zeroroot-ai/gibson/internal/component/health.go:212.86,223.2 3 0
github.com/zeroroot-ai/gibson/internal/component/health.go:226.65,231.2 3 0
github.com/zeroroot-ai/gibson/internal/component/health.go:234.65,240.6 4 0
github.com/zeroroot-ai/gibson/internal/component/health.go:240.6,241.10 1 0
github.com/zeroroot-ai/gibson/internal/component/health.go:242.21,243.10 1 0
github.com/zeroroot-ai/gibson/internal/component/health.go:244.19,245.10 1 0
github.com/zeroroot-ai/gibson/internal/component/health.go:246.19,247.29 1 0
github.com/zeroroot-ai/gibson/internal/component/health.go:253.72,256.36 3 0
github.com/zeroroot-ai/gibson/internal/component/health.go:256.36,258.3 1 0
github.com/zeroroot-ai/gibson/internal/component/health.go:259.2,261.34 2 0
github.com/zeroroot-ai/gibson/internal/component/health.go:261.34,263.3 1 0
github.com/zeroroot-ai/gibson/internal/component/health.go:267.100,281.16 8 0
github.com/zeroroot-ai/gibson/internal/component/health.go:281.16,285.37 2 0
github.com/zeroroot-ai/gibson/internal/component/health.go:285.37,287.51 1 0
github.com/zeroroot-ai/gibson/internal/component/health.go:287.51,290.5 2 0
github.com/zeroroot-ai/gibson/internal/component/health.go:292.8,296.48 2 0
github.com/zeroroot-ai/gibson/internal/component/health.go:296.48,299.4 2 0
github.com/zeroroot-ai/gibson/internal/component/health.go:305.99,306.39 1 0
github.com/zeroroot-ai/gibson/internal/component/health.go:306.39,308.36 1 0
github.com/zeroroot-ai/gibson/internal/component/health.go:308.36,310.4 1 0
github.com/zeroroot-ai/gibson/internal/component/installer.go:156.127,164.2 1 0
github.com/zeroroot-ai/gibson/internal/component/installer.go:167.33,169.16 2 0
github.com/zeroroot-ai/gibson/internal/component/installer.go:169.16,171.3 1 0
github.com/zeroroot-ai/gibson/internal/component/installer.go:172.2,172.39 1 0
github.com/zeroroot-ai/gibson/internal/component/installer.go:176.118,185.23 5 0
github.com/zeroroot-ai/gibson/internal/component/installer.go:185.23,187.3 1 0
github.com/zeroroot-ai/gibson/internal/component/installer.go:190.2,195.16 4 0
github.com/zeroroot-ai/gibson/internal/component/installer.go:195.16,200.3 4 0
github.com/zeroroot-ai/gibson/internal/component/installer.go:203.2,204.16 2 0
github.com/zeroroot-ai/gibson/internal/component/installer.go:204.16,209.3 4 0
github.com/zeroroot-ai/gibson/internal/component/installer.go:212.2,223.49 4 0
github.com/zeroroot-ai/gibson/internal/component/installer.go:223.49,224.18 1 0
github.com/zeroroot-ai/gibson/internal/component/installer.go:224.18,227.4 1 0
github.com/zeroroot-ai/gibson/internal/component/installer.go:229.3,229.52 1 0
github.com/zeroroot-ai/gibson/internal/component/installer.go:229.52,232.4 1 0
github.com/zeroroot-ai/gibson/internal/component/installer.go:236.2,241.70 2 0
github.com/zeroroot-ai/gibson/internal/component/installer.go:241.70,250.3 5 0
github.com/zeroroot-ai/gibson/internal/component/installer.go:253.2,255.16 3 0
github.com/zeroroot-ai/gibson/internal/component/installer.go:255.16,259.3 2 0
github.com/zeroroot-ai/gibson/internal/component/installer.go:262.2,262.27 1 0
github.com/zeroroot-ai/gibson/internal/component/installer.go:262.27,268.3 2 0
github.com/zeroroot-ai/gibson/internal/component/installer.go:270.2,270.36 1 0
github.com/zeroroot-ai/gibson/internal/component/installer.go:270.36,276.3 2 0
github.com/zeroroot-ai/gibson/internal/component/installer.go:279.2,279.59 1 0
github.com/zeroroot-ai/gibson/internal/component/installer.go:279.59,283.3 2 0
github.com/zeroroot-ai/gibson/internal/component/installer.go:286.2,287.46 2 0
github.com/zeroroot-ai/gibson/internal/component/installer.go:287.46,292.17 4 0
github.com/zeroroot-ai/gibson/internal/component/installer.go:292.17,299.4 5 0
github.com/zeroroot-ai/gibson/internal/component/installer.go:300.3,306.4 2 0
github.com/zeroroot-ai/gibson/internal/component/installer.go:308.2,312.16 3 0
github.com/zeroroot-ai/gibson/internal/component/installer.go:312.16,315.3 1 0
github.com/zeroroot-ai/gibson/internal/component/installer.go:318.2,331.45 2 0
github.com/zeroroot-ai/gibson/internal/component/installer.go:331.45,335.3 2 0
github.com/zeroroot-ai/gibson/internal/component/installer.go:338.2,338.45 1 0
github.com/zeroroot-ai/gibson/internal/component/installer.go:338.45,339.56 1 0
github.com/zeroroot-ai/gibson/internal/component/installer.go:339.56,347.4 5 0
github.com/zeroroot-ai/gibson/internal/component/installer.go:350.2,359.20 7 0
github.com/zeroroot-ai/gibson/internal/component/installer.go:363.132,378.23 6 0
github.com/zeroroot-ai/gibson/internal/component/installer.go:378.23,380.3 1 0
github.com/zeroroot-ai/gibson/internal/component/installer.go:383.2,387.21 3 0
github.com/zeroroot-ai/gibson/internal/component/installer.go:387.21,393.3 5 0
github.com/zeroroot-ai/gibson/internal/component/installer.go:396.2,400.57 3 0
github.com/zeroroot-ai/gibson/internal/component/installer.go:400.57,407.3 5 0
github.com/zeroroot-ai/gibson/internal/component/installer.go:410.2,411.23 2 0
github.com/zeroroot-ai/gibson/internal/component/installer.go:411.23,412.54 1 0
github.com/zeroroot-ai/gibson/internal/component/installer.go:412.54,419.18 3 0
github.com/zeroroot-ai/gibson/internal/component/installer.go:419.19,421.5 0 0
github.com/zeroroot-ai/gibson/internal/component/installer.go:426.2,426.29 1 0
github.com/zeroroot-ai/gibson/internal/component/installer.go:426.29,427.65 1 0
github.com/zeroroot-ai/gibson/internal/component/installer.go:427.65,429.4 1 0
github.com/zeroroot-ai/gibson/internal/component/installer.go:433.2,433.49 1 0
github.com/zeroroot-ai/gibson/internal/component/installer.go:433.49,436.3 1 0
github.com/zeroroot-ai/gibson/internal/component/installer.go:439.2,440.16 2 0
github.com/zeroroot-ai/gibson/internal/component/installer.go:440.16,443.3 1 0
github.com/zeroroot-ai/gibson/internal/component/installer.go:444.2,447.44 2 0
github.com/zeroroot-ai/gibson/internal/component/installer.go:447.44,451.3 3 0
github.com/zeroroot-ai/gibson/internal/component/installer.go:454.2,456.16 3 0
github.com/zeroroot-ai/gibson/internal/component/installer.go:456.16,458.3 1 0
github.com/zeroroot-ai/gibson/internal/component/installer.go:461.2,461.59 1 0
github.com/zeroroot-ai/gibson/internal/component/installer.go:461.59,463.3 1 0
github.com/zeroroot-ai/gibson/internal/component/installer.go:466.2,467.46 2 0
github.com/zeroroot-ai/gibson/internal/component/installer.go:467.46,469.17 2 0
github.com/zeroroot-ai/gibson/internal/component/installer.go:469.17,471.4 1 0
github.com/zeroroot-ai/gibson/internal/component/installer.go:472.3,472.63 1 0
github.com/zeroroot-ai/gibson/internal/component/installer.go:474.2,477.23 2 0
github.com/zeroroot-ai/gibson/internal/component/installer.go:477.23,494.56 3 0
github.com/zeroroot-ai/gibson/internal/component/installer.go:494.56,497.4 1 0
github.com/zeroroot-ai/gibson/internal/component/installer.go:499.3,499.31 1 0
github.com/zeroroot-ai/gibson/internal/component/installer.go:503.2,503.32 1 0
github.com/zeroroot-ai/gibson/internal/component/installer.go:503.32,507.3 1 0
github.com/zeroroot-ai/gibson/internal/component/installer.go:509.2,515.29 5 0
github.com/zeroroot-ai/gibson/internal/component/installer.go:515.29,517.3 1 0
github.com/zeroroot-ai/gibson/internal/component/installer.go:519.2,519.20 1 0
github.com/zeroroot-ai/gibson/internal/component/installer.go:523.123,525.21 1 0
github.com/zeroroot-ai/gibson/internal/component/installer.go:525.21,527.3 1 0
github.com/zeroroot-ai/gibson/internal/component/installer.go:530.2,532.23 3 0
github.com/zeroroot-ai/gibson/internal/component/installer.go:532.23,534.3 1 0
github.com/zeroroot-ai/gibson/internal/component/installer.go:534.8,537.17 2 0
github.com/zeroroot-ai/gibson/internal/component/installer.go:537.17,539.4 1 0
github.com/zeroroot-ai/gibson/internal/component/installer.go:543.2,544.34 2 0
github.com/zeroroot-ai/gibson/internal/component/installer.go:544.34,546.17 2 0
github.com/zeroroot-ai/gibson/internal/component/installer.go:546.17,553.4 1 0
github.com/zeroroot-ai/gibson/internal/component/installer.go:554.3,554.37 1 0
github.com/zeroroot-ai/gibson/internal/component/installer.go:557.2,557.21 1 0
github.com/zeroroot-ai/gibson/internal/component/installer.go:561.118,579.21 6 0
github.com/zeroroot-ai/gibson/internal/component/installer.go:579.21,585.3 5 0
github.com/zeroroot-ai/gibson/internal/component/installer.go:588.2,592.57 3 0
github.com/zeroroot-ai/gibson/internal/component/installer.go:592.57,599.3 5 0
github.com/zeroroot-ai/gibson/internal/component/installer.go:602.2,602.23 1 0
github.com/zeroroot-ai/gibson/internal/component/installer.go:602.23,603.54 1 0
github.com/zeroroot-ai/gibson/internal/component/installer.go:603.54,604.24 1 0
github.com/zeroroot-ai/gibson/internal/component/installer.go:604.24,610.5 3 0
github.com/zeroroot-ai/gibson/internal/component/installer.go:615.2,615.23 1 0
github.com/zeroroot-ai/gibson/internal/component/installer.go:615.23,617.3 1 0
github.com/zeroroot-ai/gibson/internal/component/installer.go:620.2,620.51 1 0
github.com/zeroroot-ai/gibson/internal/component/installer.go:620.51,628.3 5 0
github.com/zeroroot-ai/gibson/internal/component/installer.go:630.2,636.20 4 0
github.com/zeroroot-ai/gibson/internal/component/installer.go:640.93,641.78 1 0
github.com/zeroroot-ai/gibson/internal/component/installer.go:641.78,643.3 1 0
github.com/zeroroot-ai/gibson/internal/component/installer.go:645.2,648.42 2 0
github.com/zeroroot-ai/gibson/internal/component/installer.go:648.42,651.57 1 0
github.com/zeroroot-ai/gibson/internal/component/installer.go:651.57,653.4 1 0
github.com/zeroroot-ai/gibson/internal/component/installer.go:657.2,657.23 1 0
github.com/zeroroot-ai/gibson/internal/component/installer.go:657.23,658.48 1 0
github.com/zeroroot-ai/gibson/internal/component/installer.go:658.48,659.62 1 0
github.com/zeroroot-ai/gibson/internal/component/installer.go:659.62,661.5 1 0
github.com/zeroroot-ai/gibson/internal/component/installer.go:666.2,666.33 1 0
github.com/zeroroot-ai/gibson/internal/component/installer.go:666.33,667.27 1 0
github.com/zeroroot-ai/gibson/internal/component/installer.go:667.27,670.4 1 0
github.com/zeroroot-ai/gibson/internal/component/installer.go:673.2,673.12 1 0
github.com/zeroroot-ai/gibson/internal/component/installer.go:677.68,679.40 1 0
github.com/zeroroot-ai/gibson/internal/component/installer.go:679.40,681.3 1 0
github.com/zeroroot-ai/gibson/internal/component/installer.go:686.2,686.12 1 0
github.com/zeroroot-ai/gibson/internal/component/installer.go:690.71,695.2 1 0
github.com/zeroroot-ai/gibson/internal/component/installer.go:698.133,699.27 1 0
github.com/zeroroot-ai/gibson/internal/component/installer.go:699.27,701.3 1 0
github.com/zeroroot-ai/gibson/internal/component/installer.go:703.2,715.28 3 0
github.com/zeroroot-ai/gibson/internal/component/installer.go:715.28,718.3 2 0
github.com/zeroroot-ai/gibson/internal/component/installer.go:721.2,721.28 1 0
github.com/zeroroot-ai/gibson/internal/component/installer.go:721.28,723.3 1 0
github.com/zeroroot-ai/gibson/internal/component/installer.go:726.2,730.16 4 0
github.com/zeroroot-ai/gibson/internal/component/installer.go:730.16,733.3 1 0
github.com/zeroroot-ai/gibson/internal/component/installer.go:735.2,735.20 1 0
github.com/zeroroot-ai/gibson/internal/component/installer.go:739.85,743.58 2 0
github.com/zeroroot-ai/gibson/internal/component/installer.go:743.58,745.3 1 0
github.com/zeroroot-ai/gibson/internal/component/installer.go:748.2,749.16 2 0
github.com/zeroroot-ai/gibson/internal/component/installer.go:749.16,751.3 1 0
github.com/zeroroot-ai/gibson/internal/component/installer.go:754.2,755.32 2 0
github.com/zeroroot-ai/gibson/internal/component/installer.go:755.32,756.21 1 0
github.com/zeroroot-ai/gibson/internal/component/installer.go:756.21,757.12 1 0
github.com/zeroroot-ai/gibson/internal/component/installer.go:760.3,765.17 4 0
github.com/zeroroot-ai/gibson/internal/component/installer.go:765.17,767.12 1 0
github.com/zeroroot-ai/gibson/internal/component/installer.go:771.3,772.68 2 0
github.com/zeroroot-ai/gibson/internal/component/installer.go:772.68,774.4 1 0
github.com/zeroroot-ai/gibson/internal/component/installer.go:776.3,788.45 2 0
github.com/zeroroot-ai/gibson/internal/component/installer.go:791.2,791.24 1 0
github.com/zeroroot-ai/gibson/internal/component/lifecycle.go:71.80,81.2 1 0
github.com/zeroroot-ai/gibson/internal/component/lifecycle.go:88.28,98.2 1 0
github.com/zeroroot-ai/gibson/internal/component/lifecycle.go:101.101,108.17 4 0
github.com/zeroroot-ai/gibson/internal/component/lifecycle.go:108.17,114.3 5 0
github.com/zeroroot-ai/gibson/internal/component/lifecycle.go:117.2,120.38 2 0
github.com/zeroroot-ai/gibson/internal/component/lifecycle.go:120.38,122.33 1 0
github.com/zeroroot-ai/gibson/internal/component/lifecycle.go:122.33,128.4 5 0
github.com/zeroroot-ai/gibson/internal/component/lifecycle.go:130.3,130.44 1 0
github.com/zeroroot-ai/gibson/internal/component/lifecycle.go:134.2,134.26 1 0
github.com/zeroroot-ai/gibson/internal/component/lifecycle.go:134.26,140.3 5 0
github.com/zeroroot-ai/gibson/internal/component/lifecycle.go:142.2,142.44 1 0
github.com/zeroroot-ai/gibson/internal/component/lifecycle.go:142.44,148.3 5 0
github.com/zeroroot-ai/gibson/internal/component/lifecycle.go:151.2,152.16 2 0
github.com/zeroroot-ai/gibson/internal/component/lifecycle.go:152.16,158.3 5 0
github.com/zeroroot-ai/gibson/internal/component/lifecycle.go:160.2,167.43 4 0
github.com/zeroroot-ai/gibson/internal/component/lifecycle.go:167.43,169.3 1 0
github.com/zeroroot-ai/gibson/internal/component/lifecycle.go:172.2,176.51 3 0
github.com/zeroroot-ai/gibson/internal/component/lifecycle.go:176.51,178.3 1 0
github.com/zeroroot-ai/gibson/internal/component/lifecycle.go:179.2,182.41 2 0
github.com/zeroroot-ai/gibson/internal/component/lifecycle.go:182.41,184.3 1 0
github.com/zeroroot-ai/gibson/internal/component/lifecycle.go:187.2,187.36 1 0
github.com/zeroroot-ai/gibson/internal/component/lifecycle.go:187.36,193.3 5 0
github.com/zeroroot-ai/gibson/internal/component/lifecycle.go:196.2,211.72 10 0
github.com/zeroroot-ai/gibson/internal/component/lifecycle.go:211.72,222.3 9 0
github.com/zeroroot-ai/gibson/internal/component/lifecycle.go:225.2,235.18 5 0
github.com/zeroroot-ai/gibson/internal/component/lifecycle.go:239.93,246.17 4 0
github.com/zeroroot-ai/gibson/internal/component/lifecycle.go:246.17,252.3 5 0
github.com/zeroroot-ai/gibson/internal/component/lifecycle.go:255.2,257.23 2 0
github.com/zeroroot-ai/gibson/internal/component/lifecycle.go:257.23,263.3 5 0
github.com/zeroroot-ai/gibson/internal/component/lifecycle.go:266.2,270.20 4 0
github.com/zeroroot-ai/gibson/internal/component/lifecycle.go:270.20,272.19 1 0
github.com/zeroroot-ai/gibson/internal/component/lifecycle.go:272.19,274.18 2 0
github.com/zeroroot-ai/gibson/internal/component/lifecycle.go:274.18,277.5 2 0
github.com/zeroroot-ai/gibson/internal/component/lifecycle.go:278.4,278.18 1 0
github.com/zeroroot-ai/gibson/internal/component/lifecycle.go:279.9,282.4 2 0
github.com/zeroroot-ai/gibson/internal/component/lifecycle.go:286.2,286.56 1 0
github.com/zeroroot-ai/gibson/internal/component/lifecycle.go:286.56,288.52 1 0
github.com/zeroroot-ai/gibson/internal/component/lifecycle.go:288.52,301.4 8 0
github.com/zeroroot-ai/gibson/internal/component/lifecycle.go:302.3,306.17 5 0
github.com/zeroroot-ai/gibson/internal/component/lifecycle.go:310.2,314.12 4 0
github.com/zeroroot-ai/gibson/internal/component/lifecycle.go:314.12,317.3 2 0
github.com/zeroroot-ai/gibson/internal/component/lifecycle.go:319.2,319.9 1 0
github.com/zeroroot-ai/gibson/internal/component/lifecycle.go:320.28,323.40 2 0
github.com/zeroroot-ai/gibson/internal/component/lifecycle.go:323.40,325.53 1 0
github.com/zeroroot-ai/gibson/internal/component/lifecycle.go:325.53,331.5 5 0
github.com/zeroroot-ai/gibson/internal/component/lifecycle.go:334.3,334.10 1 0
github.com/zeroroot-ai/gibson/internal/component/lifecycle.go:335.15,335.15 0 0
github.com/zeroroot-ai/gibson/internal/component/lifecycle.go:336.34,336.34 0 0
github.com/zeroroot-ai/gibson/internal/component/lifecycle.go:338.21,341.91 2 0
github.com/zeroroot-ai/gibson/internal/component/lifecycle.go:341.92,343.4 0 0
github.com/zeroroot-ai/gibson/internal/component/lifecycle.go:347.2,362.12 8 0
github.com/zeroroot-ai/gibson/internal/component/lifecycle.go:366.103,367.17 1 0
github.com/zeroroot-ai/gibson/internal/component/lifecycle.go:367.17,369.3 1 0
github.com/zeroroot-ai/gibson/internal/component/lifecycle.go:372.2,372.22 1 0
github.com/zeroroot-ai/gibson/internal/component/lifecycle.go:372.22,373.52 1 0
github.com/zeroroot-ai/gibson/internal/component/lifecycle.go:373.52,375.4 1 0
github.com/zeroroot-ai/gibson/internal/component/lifecycle.go:379.2,380.16 2 0
github.com/zeroroot-ai/gibson/internal/component/lifecycle.go:380.16,382.3 1 0
github.com/zeroroot-ai/gibson/internal/component/lifecycle.go:384.2,384.18 1 0
github.com/zeroroot-ai/gibson/internal/component/lifecycle.go:388.108,389.17 1 0
github.com/zeroroot-ai/gibson/internal/component/lifecycle.go:389.17,391.3 1 0
github.com/zeroroot-ai/gibson/internal/component/lifecycle.go:394.2,394.38 1 0
github.com/zeroroot-ai/gibson/internal/component/lifecycle.go:394.38,395.34 1 0
github.com/zeroroot-ai/gibson/internal/component/lifecycle.go:395.34,402.4 5 0
github.com/zeroroot-ai/gibson/internal/component/lifecycle.go:405.3,405.20 1 0
github.com/zeroroot-ai/gibson/internal/component/lifecycle.go:405.20,407.34 2 0
github.com/zeroroot-ai/gibson/internal/component/lifecycle.go:407.34,408.83 1 0
github.com/zeroroot-ai/gibson/internal/component/lifecycle.go:408.83,412.6 2 0
github.com/zeroroot-ai/gibson/internal/component/lifecycle.go:416.3,416.37 1 0
github.com/zeroroot-ai/gibson/internal/component/lifecycle.go:420.2,420.25 1 0
github.com/zeroroot-ai/gibson/internal/component/lifecycle.go:424.68,425.63 1 0
github.com/zeroroot-ai/gibson/internal/component/lifecycle.go:425.63,426.30 1 0
github.com/zeroroot-ai/gibson/internal/component/lifecycle.go:426.30,428.4 1 0
github.com/zeroroot-ai/gibson/internal/component/lifecycle.go:430.2,433.3 1 0
github.com/zeroroot-ai/gibson/internal/component/lifecycle.go:437.66,440.16 3 0
github.com/zeroroot-ai/gibson/internal/component/lifecycle.go:440.16,442.3 1 0
github.com/zeroroot-ai/gibson/internal/component/lifecycle.go:443.2,444.13 2 0
github.com/zeroroot-ai/gibson/internal/component/lifecycle.go:448.104,449.32 1 0
github.com/zeroroot-ai/gibson/internal/component/lifecycle.go:449.32,451.10 1 0
github.com/zeroroot-ai/gibson/internal/component/lifecycle.go:452.21,453.50 1 0
github.com/zeroroot-ai/gibson/internal/component/lifecycle.go:454.34,455.14 1 0
github.com/zeroroot-ai/gibson/internal/component/lifecycle.go:459.2,462.6 3 0
github.com/zeroroot-ai/gibson/internal/component/lifecycle.go:462.6,463.10 1 0
github.com/zeroroot-ai/gibson/internal/component/lifecycle.go:464.21,465.55 1 0
github.com/zeroroot-ai/gibson/internal/component/lifecycle.go:466.19,467.82 1 0
github.com/zeroroot-ai/gibson/internal/component/lifecycle.go:467.82,470.5 1 0
github.com/zeroroot-ai/gibson/internal/component/lifecycle.go:477.89,479.67 2 0
github.com/zeroroot-ai/gibson/internal/component/lifecycle.go:479.67,481.3 1 0
github.com/zeroroot-ai/gibson/internal/component/lifecycle.go:484.2,484.25 1 0
github.com/zeroroot-ai/gibson/internal/component/lifecycle.go:484.25,486.3 1 0
github.com/zeroroot-ai/gibson/internal/component/lifecycle.go:488.2,488.62 1 0
github.com/zeroroot-ai/gibson/internal/component/lifecycle.go:492.64,494.16 2 0
github.com/zeroroot-ai/gibson/internal/component/lifecycle.go:494.16,496.3 1 0
github.com/zeroroot-ai/gibson/internal/component/lifecycle.go:499.2,500.19 2 0
github.com/zeroroot-ai/gibson/internal/component/lifecycle.go:504.74,505.20 1 0
github.com/zeroroot-ai/gibson/internal/component/lifecycle.go:505.20,507.3 1 0
github.com/zeroroot-ai/gibson/internal/component/lifecycle.go:508.2,508.23 1 0
github.com/zeroroot-ai/gibson/internal/component/manifest.go:27.38,29.2 1 0
github.com/zeroroot-ai/gibson/internal/component/manifest.go:32.37,33.11 1 0
github.com/zeroroot-ai/gibson/internal/component/manifest.go:35.55,36.14 1 0
github.com/zeroroot-ai/gibson/internal/component/manifest.go:37.10,38.15 1 0
github.com/zeroroot-ai/gibson/internal/component/manifest.go:43.52,44.18 1 0
github.com/zeroroot-ai/gibson/internal/component/manifest.go:44.18,46.3 1 0
github.com/zeroroot-ai/gibson/internal/component/manifest.go:47.2,47.32 1 0
github.com/zeroroot-ai/gibson/internal/component/manifest.go:51.56,53.49 2 0
github.com/zeroroot-ai/gibson/internal/component/manifest.go:53.49,55.3 1 0
github.com/zeroroot-ai/gibson/internal/component/manifest.go:57.2,58.16 2 0
github.com/zeroroot-ai/gibson/internal/component/manifest.go:58.16,60.3 1 0
github.com/zeroroot-ai/gibson/internal/component/manifest.go:62.2,63.12 2 0
github.com/zeroroot-ai/gibson/internal/component/manifest.go:67.38,77.2 1 0
github.com/zeroroot-ai/gibson/internal/component/manifest.go:80.54,82.18 2 0
github.com/zeroroot-ai/gibson/internal/component/manifest.go:82.18,84.3 1 0
github.com/zeroroot-ai/gibson/internal/component/manifest.go:85.2,85.15 1 0
github.com/zeroroot-ai/gibson/internal/component/manifest.go:140.51,142.49 1 0
github.com/zeroroot-ai/gibson/internal/component/manifest.go:142.49,144.3 1 0
github.com/zeroroot-ai/gibson/internal/component/manifest.go:147.2,148.16 2 0
github.com/zeroroot-ai/gibson/internal/component/manifest.go:148.16,150.3 1 0
github.com/zeroroot-ai/gibson/internal/component/manifest.go:153.2,156.13 3 0
github.com/zeroroot-ai/gibson/internal/component/manifest.go:157.15,158.57 1 0
github.com/zeroroot-ai/gibson/internal/component/manifest.go:158.57,160.4 1 0
github.com/zeroroot-ai/gibson/internal/component/manifest.go:161.23,162.57 1 0
github.com/zeroroot-ai/gibson/internal/component/manifest.go:162.57,164.4 1 0
github.com/zeroroot-ai/gibson/internal/component/manifest.go:165.10,169.4 1 0
github.com/zeroroot-ai/gibson/internal/component/manifest.go:173.2,173.44 1 0
github.com/zeroroot-ai/gibson/internal/component/manifest.go:173.44,175.3 1 0
github.com/zeroroot-ai/gibson/internal/component/manifest.go:177.2,177.23 1 0
github.com/zeroroot-ai/gibson/internal/component/manifest.go:182.37,184.23 1 0
github.com/zeroroot-ai/gibson/internal/component/manifest.go:184.23,186.3 1 0
github.com/zeroroot-ai/gibson/internal/component/manifest.go:189.2,189.18 1 0
github.com/zeroroot-ai/gibson/internal/component/manifest.go:189.18,191.3 1 0
github.com/zeroroot-ai/gibson/internal/component/manifest.go:192.2,192.35 1 0
github.com/zeroroot-ai/gibson/internal/component/manifest.go:192.35,194.3 1 0
github.com/zeroroot-ai/gibson/internal/component/manifest.go:197.2,197.21 1 0
github.com/zeroroot-ai/gibson/internal/component/manifest.go:197.21,199.3 1 0
github.com/zeroroot-ai/gibson/internal/component/manifest.go:200.2,200.40 1 0
github.com/zeroroot-ai/gibson/internal/component/manifest.go:200.40,202.3 1 0
github.com/zeroroot-ai/gibson/internal/component/manifest.go:205.2,205.45 1 0
github.com/zeroroot-ai/gibson/internal/component/manifest.go:205.45,207.3 1 0
github.com/zeroroot-ai/gibson/internal/component/manifest.go:210.2,210.20 1 0
github.com/zeroroot-ai/gibson/internal/component/manifest.go:210.20,211.44 1 0
github.com/zeroroot-ai/gibson/internal/component/manifest.go:211.44,213.4 1 0
github.com/zeroroot-ai/gibson/internal/component/manifest.go:217.2,217.27 1 0
github.com/zeroroot-ai/gibson/internal/component/manifest.go:217.27,218.51 1 0
github.com/zeroroot-ai/gibson/internal/component/manifest.go:218.51,220.4 1 0
github.com/zeroroot-ai/gibson/internal/component/manifest.go:223.2,223.12 1 0
github.com/zeroroot-ai/gibson/internal/component/manifest.go:227.40,228.43 1 0
github.com/zeroroot-ai/gibson/internal/component/manifest.go:228.43,230.3 1 0
github.com/zeroroot-ai/gibson/internal/component/manifest.go:233.2,233.24 1 0
github.com/zeroroot-ai/gibson/internal/component/manifest.go:233.24,234.22 1 0
github.com/zeroroot-ai/gibson/internal/component/manifest.go:234.22,236.4 1 0
github.com/zeroroot-ai/gibson/internal/component/manifest.go:239.2,239.12 1 0
github.com/zeroroot-ai/gibson/internal/component/manifest.go:243.42,245.23 1 0
github.com/zeroroot-ai/gibson/internal/component/manifest.go:245.23,247.3 1 0
github.com/zeroroot-ai/gibson/internal/component/manifest.go:250.2,250.24 1 0
github.com/zeroroot-ai/gibson/internal/component/manifest.go:250.24,252.3 1 0
github.com/zeroroot-ai/gibson/internal/component/manifest.go:255.2,255.60 1 0
github.com/zeroroot-ai/gibson/internal/component/manifest.go:255.60,256.35 1 0
github.com/zeroroot-ai/gibson/internal/component/manifest.go:256.35,258.4 1 0
github.com/zeroroot-ai/gibson/internal/component/manifest.go:262.2,262.33 1 0
github.com/zeroroot-ai/gibson/internal/component/manifest.go:262.33,263.20 1 0
github.com/zeroroot-ai/gibson/internal/component/manifest.go:263.20,265.4 1 0
github.com/zeroroot-ai/gibson/internal/component/manifest.go:268.2,268.12 1 0
github.com/zeroroot-ai/gibson/internal/component/manifest.go:272.50,274.20 1 0
github.com/zeroroot-ai/gibson/internal/component/manifest.go:274.20,275.42 1 0
github.com/zeroroot-ai/gibson/internal/component/manifest.go:275.42,277.4 1 0
github.com/zeroroot-ai/gibson/internal/component/manifest.go:281.2,281.35 1 0
github.com/zeroroot-ai/gibson/internal/component/manifest.go:281.35,282.30 1 0
github.com/zeroroot-ai/gibson/internal/component/manifest.go:282.30,284.4 1 0
github.com/zeroroot-ai/gibson/internal/component/manifest.go:287.2,287.12 1 0
github.com/zeroroot-ai/gibson/internal/component/manifest.go:294.45,295.16 1 0
github.com/zeroroot-ai/gibson/internal/component/manifest.go:295.16,297.3 1 0
github.com/zeroroot-ai/gibson/internal/component/manifest.go:298.2,298.25 1 0
github.com/zeroroot-ai/gibson/internal/component/manifest.go:298.25,300.52 1 0
github.com/zeroroot-ai/gibson/internal/component/manifest.go:300.52,302.4 1 0
github.com/zeroroot-ai/gibson/internal/component/manifest.go:304.2,304.13 1 0
github.com/zeroroot-ai/gibson/internal/component/manifest.go:309.50,310.19 1 0
github.com/zeroroot-ai/gibson/internal/component/manifest.go:310.19,312.3 1 0
github.com/zeroroot-ai/gibson/internal/component/manifest.go:314.2,316.52 3 0
github.com/zeroroot-ai/gibson/internal/component/manifest.go:316.52,318.3 1 0
github.com/zeroroot-ai/gibson/internal/component/manifest.go:319.2,319.36 1 0
github.com/zeroroot-ai/gibson/internal/component/manifest.go:319.36,320.17 1 0
github.com/zeroroot-ai/gibson/internal/component/manifest.go:320.17,322.4 1 0
github.com/zeroroot-ai/gibson/internal/component/manifest.go:323.3,323.26 1 0
github.com/zeroroot-ai/gibson/internal/component/manifest.go:323.26,324.26 1 0
github.com/zeroroot-ai/gibson/internal/component/manifest.go:324.26,326.5 1 0
github.com/zeroroot-ai/gibson/internal/component/manifest.go:329.2,329.13 1 0
github.com/zeroroot-ai/gibson/internal/component/manifest.go:334.55,335.22 1 0
github.com/zeroroot-ai/gibson/internal/component/manifest.go:335.22,337.3 1 0
github.com/zeroroot-ai/gibson/internal/component/manifest.go:339.2,347.40 8 0
github.com/zeroroot-ai/gibson/internal/component/manifest.go:352.41,353.15 1 0
github.com/zeroroot-ai/gibson/internal/component/manifest.go:353.15,355.3 1 0
github.com/zeroroot-ai/gibson/internal/component/manifest.go:356.2,357.21 2 0
github.com/zeroroot-ai/gibson/internal/component/manifest.go:357.21,359.3 1 0
github.com/zeroroot-ai/gibson/internal/component/manifest.go:360.2,360.77 1 0
github.com/zeroroot-ai/gibson/internal/component/manifest.go:365.52,366.26 1 0
github.com/zeroroot-ai/gibson/internal/component/manifest.go:366.26,368.3 1 0
github.com/zeroroot-ai/gibson/internal/component/manifest.go:369.2,369.19 1 0
github.com/zeroroot-ai/gibson/internal/component/manifest.go:374.50,375.18 1 0
github.com/zeroroot-ai/gibson/internal/component/manifest.go:375.18,377.3 1 0
github.com/zeroroot-ai/gibson/internal/component/manifest.go:378.2,378.14 1 0
github.com/zeroroot-ai/gibson/internal/component/manifest.go:383.52,384.18 1 0
github.com/zeroroot-ai/gibson/internal/component/manifest.go:384.18,386.3 1 0
github.com/zeroroot-ai/gibson/internal/component/manifest.go:387.2,387.14 1 0
github.com/zeroroot-ai/gibson/internal/component/manifest.go:392.44,393.19 1 0
github.com/zeroroot-ai/gibson/internal/component/manifest.go:393.19,395.3 1 0
github.com/zeroroot-ai/gibson/internal/component/manifest.go:396.2,396.15 1 0
github.com/zeroroot-ai/gibson/internal/component/manifest.go:401.47,402.22 1 0
github.com/zeroroot-ai/gibson/internal/component/manifest.go:402.22,404.3 1 0
github.com/zeroroot-ai/gibson/internal/component/manifest.go:405.2,405.18 1 0
github.com/zeroroot-ai/gibson/internal/component/manifest.go:409.47,411.2 1 0
github.com/zeroroot-ai/gibson/internal/component/manifest.go:414.49,416.2 1 0
github.com/zeroroot-ai/gibson/internal/component/manifest.go:419.58,420.25 1 0
github.com/zeroroot-ai/gibson/internal/component/manifest.go:420.25,422.3 1 0
github.com/zeroroot-ai/gibson/internal/component/manifest.go:423.2,423.21 1 0
github.com/zeroroot-ai/gibson/internal/component/manifest.go:427.54,428.21 1 0
github.com/zeroroot-ai/gibson/internal/component/manifest.go:428.21,430.3 1 0
github.com/zeroroot-ai/gibson/internal/component/manifest.go:431.2,431.17 1 0
github.com/zeroroot-ai/gibson/internal/component/manifest.go:435.60,436.18 1 0
github.com/zeroroot-ai/gibson/internal/component/manifest.go:436.18,438.3 1 0
github.com/zeroroot-ai/gibson/internal/component/manifest.go:439.2,439.14 1 0
github.com/zeroroot-ai/gibson/internal/component/manifest.go:443.56,445.2 1 0
github.com/zeroroot-ai/gibson/internal/component/registry.go:55.62,59.2 1 0
github.com/zeroroot-ai/gibson/internal/component/registry.go:66.73,67.22 1 0
github.com/zeroroot-ai/gibson/internal/component/registry.go:67.22,69.3 1 0
github.com/zeroroot-ai/gibson/internal/component/registry.go:72.2,72.45 1 0
github.com/zeroroot-ai/gibson/internal/component/registry.go:72.45,74.3 1 0
github.com/zeroroot-ai/gibson/internal/component/registry.go:76.2,80.41 3 0
github.com/zeroroot-ai/gibson/internal/component/registry.go:80.41,82.3 1 0
github.com/zeroroot-ai/gibson/internal/component/registry.go:85.2,85.71 1 0
github.com/zeroroot-ai/gibson/internal/component/registry.go:85.71,87.3 1 0
github.com/zeroroot-ai/gibson/internal/component/registry.go:90.2,90.34 1 0
github.com/zeroroot-ai/gibson/internal/component/registry.go:90.34,92.3 1 0
github.com/zeroroot-ai/gibson/internal/component/registry.go:93.2,93.34 1 0
github.com/zeroroot-ai/gibson/internal/component/registry.go:93.34,95.3 1 0
github.com/zeroroot-ai/gibson/internal/component/registry.go:98.2,100.12 2 0
github.com/zeroroot-ai/gibson/internal/component/registry.go:106.86,107.21 1 0
github.com/zeroroot-ai/gibson/internal/component/registry.go:107.21,109.3 1 0
github.com/zeroroot-ai/gibson/internal/component/registry.go:111.2,111.16 1 0
github.com/zeroroot-ai/gibson/internal/component/registry.go:111.16,113.3 1 0
github.com/zeroroot-ai/gibson/internal/component/registry.go:115.2,120.31 4 0
github.com/zeroroot-ai/gibson/internal/component/registry.go:120.31,122.3 1 0
github.com/zeroroot-ai/gibson/internal/component/registry.go:125.2,125.41 1 0
github.com/zeroroot-ai/gibson/internal/component/registry.go:125.41,127.3 1 0
github.com/zeroroot-ai/gibson/internal/component/registry.go:130.2,133.23 2 0
github.com/zeroroot-ai/gibson/internal/component/registry.go:133.23,135.3 1 0
github.com/zeroroot-ai/gibson/internal/component/registry.go:137.2,137.12 1 0
github.com/zeroroot-ai/gibson/internal/component/registry.go:143.84,148.31 4 0
github.com/zeroroot-ai/gibson/internal/component/registry.go:148.31,150.3 1 0
github.com/zeroroot-ai/gibson/internal/component/registry.go:153.2,154.13 2 0
github.com/zeroroot-ai/gibson/internal/component/registry.go:154.13,156.3 1 0
github.com/zeroroot-ai/gibson/internal/component/registry.go:159.2,159.18 1 0
github.com/zeroroot-ai/gibson/internal/component/registry.go:165.74,170.31 4 0
github.com/zeroroot-ai/gibson/internal/component/registry.go:170.31,172.3 1 0
github.com/zeroroot-ai/gibson/internal/component/registry.go:175.2,176.36 2 0
github.com/zeroroot-ai/gibson/internal/component/registry.go:176.36,178.3 1 0
github.com/zeroroot-ai/gibson/internal/component/registry.go:180.2,180.19 1 0
github.com/zeroroot-ai/gibson/internal/component/registry.go:186.77,192.42 4 0
github.com/zeroroot-ai/gibson/internal/component/registry.go:192.42,194.37 2 0
github.com/zeroroot-ai/gibson/internal/component/registry.go:194.37,196.4 1 0
github.com/zeroroot-ai/gibson/internal/component/registry.go:197.3,197.28 1 0
github.com/zeroroot-ai/gibson/internal/component/registry.go:200.2,200.15 1 0
github.com/zeroroot-ai/gibson/internal/component/registry.go:220.70,222.49 1 0
github.com/zeroroot-ai/gibson/internal/component/registry.go:222.49,224.3 1 0
github.com/zeroroot-ai/gibson/internal/component/registry.go:227.2,228.16 2 0
github.com/zeroroot-ai/gibson/internal/component/registry.go:228.16,230.3 1 0
github.com/zeroroot-ai/gibson/internal/component/registry.go:233.2,239.54 2 0
github.com/zeroroot-ai/gibson/internal/component/registry.go:239.54,241.3 1 0
github.com/zeroroot-ai/gibson/internal/component/registry.go:244.2,250.39 5 0
github.com/zeroroot-ai/gibson/internal/component/registry.go:250.39,251.23 1 0
github.com/zeroroot-ai/gibson/internal/component/registry.go:251.23,252.12 1 0
github.com/zeroroot-ai/gibson/internal/component/registry.go:255.3,255.47 1 0
github.com/zeroroot-ai/gibson/internal/component/registry.go:255.47,258.64 2 0
github.com/zeroroot-ai/gibson/internal/component/registry.go:258.64,259.13 1 0
github.com/zeroroot-ai/gibson/internal/component/registry.go:261.4,262.73 1 0
github.com/zeroroot-ai/gibson/internal/component/registry.go:266.2,266.12 1 0
github.com/zeroroot-ai/gibson/internal/component/registry.go:287.49,290.16 2 0
github.com/zeroroot-ai/gibson/internal/component/registry.go:290.16,292.3 1 0
github.com/zeroroot-ai/gibson/internal/component/registry.go:295.2,296.53 2 0
github.com/zeroroot-ai/gibson/internal/component/registry.go:296.53,298.3 1 0
github.com/zeroroot-ai/gibson/internal/component/registry.go:301.2,315.16 5 0
github.com/zeroroot-ai/gibson/internal/component/registry.go:315.16,317.3 1 0
github.com/zeroroot-ai/gibson/internal/component/registry.go:320.2,321.63 2 0
github.com/zeroroot-ai/gibson/internal/component/registry.go:321.63,323.3 1 0
github.com/zeroroot-ai/gibson/internal/component/registry.go:325.2,325.12 1 0
github.com/zeroroot-ai/gibson/internal/component/registry.go:330.90,332.31 2 0
github.com/zeroroot-ai/gibson/internal/component/registry.go:332.31,334.3 1 0
github.com/zeroroot-ai/gibson/internal/component/registry.go:336.2,337.36 2 0
github.com/zeroroot-ai/gibson/internal/component/registry.go:337.36,339.3 1 0
github.com/zeroroot-ai/gibson/internal/component/registry.go:341.2,341.19 1 0
github.com/zeroroot-ai/gibson/internal/component/registry.go:346.48,351.39 4 0
github.com/zeroroot-ai/gibson/internal/component/registry.go:351.39,353.3 1 0
github.com/zeroroot-ai/gibson/internal/component/registry.go:355.2,355.14 1 0
github.com/zeroroot-ai/gibson/internal/component/registry.go:360.72,365.31 4 0
github.com/zeroroot-ai/gibson/internal/component/registry.go:365.31,367.3 1 0
github.com/zeroroot-ai/gibson/internal/component/registry.go:369.2,369.21 1 0
github.com/zeroroot-ai/gibson/internal/component/registry.go:374.44,379.2 3 0
github.com/zeroroot-ai/gibson/internal/component/registry.go:384.71,385.22 1 0
github.com/zeroroot-ai/gibson/internal/component/registry.go:385.22,387.3 1 0
github.com/zeroroot-ai/gibson/internal/component/registry.go:390.2,390.45 1 0
github.com/zeroroot-ai/gibson/internal/component/registry.go:390.45,392.3 1 0
github.com/zeroroot-ai/gibson/internal/component/registry.go:394.2,399.31 4 0
github.com/zeroroot-ai/gibson/internal/component/registry.go:399.31,401.3 1 0
github.com/zeroroot-ai/gibson/internal/component/registry.go:404.2,404.51 1 0
github.com/zeroroot-ai/gibson/internal/component/registry.go:404.51,406.3 1 0
github.com/zeroroot-ai/gibson/internal/component/registry.go:409.2,414.12 3 0
github.com/zeroroot-ai/gibson/internal/component/target_type.go:22.37,24.2 1 0
github.com/zeroroot-ai/gibson/internal/component/target_type.go:27.36,28.11 1 0
github.com/zeroroot-ai/gibson/internal/component/target_type.go:30.63,31.14 1 0
github.com/zeroroot-ai/gibson/internal/component/target_type.go:32.10,33.15 1 0
github.com/zeroroot-ai/gibson/internal/component/target_type.go:38.51,39.18 1 0
github.com/zeroroot-ai/gibson/internal/component/target_type.go:39.18,41.3 1 0
github.com/zeroroot-ai/gibson/internal/component/target_type.go:42.2,42.32 1 0
github.com/zeroroot-ai/gibson/internal/component/target_type.go:46.55,48.49 2 0
github.com/zeroroot-ai/gibson/internal/component/target_type.go:48.49,50.3 1 0
github.com/zeroroot-ai/gibson/internal/component/target_type.go:52.2,53.16 2 0
github.com/zeroroot-ai/gibson/internal/component/target_type.go:53.16,55.3 1 0
github.com/zeroroot-ai/gibson/internal/component/target_type.go:57.2,58.12 2 0
github.com/zeroroot-ai/gibson/internal/component/target_type.go:62.36,72.2 1 0
github.com/zeroroot-ai/gibson/internal/component/target_type.go:75.52,77.18 2 0
github.com/zeroroot-ai/gibson/internal/component/target_type.go:77.18,79.3 1 0
github.com/zeroroot-ai/gibson/internal/component/target_type.go:80.2,80.15 1 0
github.com/zeroroot-ai/gibson/internal/component/technique_type.go:23.40,25.2 1 0
github.com/zeroroot-ai/gibson/internal/component/technique_type.go:28.39,29.11 1 0
github.com/zeroroot-ai/gibson/internal/component/technique_type.go:32.44,33.14 1 0
github.com/zeroroot-ai/gibson/internal/component/technique_type.go:34.10,35.15 1 0
github.com/zeroroot-ai/gibson/internal/component/technique_type.go:40.54,41.18 1 0
github.com/zeroroot-ai/gibson/internal/component/technique_type.go:41.18,43.3 1 0
github.com/zeroroot-ai/gibson/internal/component/technique_type.go:44.2,44.32 1 0
github.com/zeroroot-ai/gibson/internal/component/technique_type.go:48.58,50.49 2 0
github.com/zeroroot-ai/gibson/internal/component/technique_type.go:50.49,52.3 1 0
github.com/zeroroot-ai/gibson/internal/component/technique_type.go:54.2,55.16 2 0
github.com/zeroroot-ai/gibson/internal/component/technique_type.go:55.16,57.3 1 0
github.com/zeroroot-ai/gibson/internal/component/technique_type.go:59.2,60.12 2 0
github.com/zeroroot-ai/gibson/internal/component/technique_type.go:64.42,75.2 1 0
github.com/zeroroot-ai/gibson/internal/component/technique_type.go:78.58,80.18 2 0
github.com/zeroroot-ai/gibson/internal/component/technique_type.go:80.18,82.3 1 0
github.com/zeroroot-ai/gibson/internal/component/technique_type.go:83.2,83.15 1 0
github.com/zeroroot-ai/gibson/internal/component/types.go:19.40,21.2 1 0
github.com/zeroroot-ai/gibson/internal/component/types.go:24.39,25.11 1 0
github.com/zeroroot-ai/gibson/internal/component/types.go:26.66,27.14 1 0
github.com/zeroroot-ai/gibson/internal/component/types.go:28.10,29.15 1 0
github.com/zeroroot-ai/gibson/internal/component/types.go:34.54,35.18 1 0
github.com/zeroroot-ai/gibson/internal/component/types.go:35.18,37.3 1 0
github.com/zeroroot-ai/gibson/internal/component/types.go:38.2,38.32 1 0
github.com/zeroroot-ai/gibson/internal/component/types.go:42.58,44.49 2 0
github.com/zeroroot-ai/gibson/internal/component/types.go:44.49,46.3 1 0
github.com/zeroroot-ai/gibson/internal/component/types.go:48.2,49.16 2 0
github.com/zeroroot-ai/gibson/internal/component/types.go:49.16,51.3 1 0
github.com/zeroroot-ai/gibson/internal/component/types.go:53.2,54.12 2 0
github.com/zeroroot-ai/gibson/internal/component/types.go:58.42,64.2 1 0
github.com/zeroroot-ai/gibson/internal/component/types.go:67.58,69.18 2 0
github.com/zeroroot-ai/gibson/internal/component/types.go:69.18,71.3 1 0
github.com/zeroroot-ai/gibson/internal/component/types.go:72.2,72.15 1 0
github.com/zeroroot-ai/gibson/internal/component/types.go:86.42,88.2 1 3
github.com/zeroroot-ai/gibson/internal/component/types.go:91.41,92.11 1 70
github.com/zeroroot-ai/gibson/internal/component/types.go:93.102,94.14 1 66
github.com/zeroroot-ai/gibson/internal/component/types.go:95.10,96.15 1 4
github.com/zeroroot-ai/gibson/internal/component/types.go:101.56,102.18 1 0
github.com/zeroroot-ai/gibson/internal/component/types.go:102.18,104.3 1 0
github.com/zeroroot-ai/gibson/internal/component/types.go:105.2,105.32 1 0
github.com/zeroroot-ai/gibson/internal/component/types.go:109.60,111.51 2 0
github.com/zeroroot-ai/gibson/internal/component/types.go:111.51,113.3 1 0
github.com/zeroroot-ai/gibson/internal/component/types.go:115.2,116.16 2 0
github.com/zeroroot-ai/gibson/internal/component/types.go:116.16,118.3 1 0
github.com/zeroroot-ai/gibson/internal/component/types.go:120.2,121.12 2 0
github.com/zeroroot-ai/gibson/internal/component/types.go:125.46,132.2 1 0
github.com/zeroroot-ai/gibson/internal/component/types.go:135.62,137.20 2 5
github.com/zeroroot-ai/gibson/internal/component/types.go:137.20,139.3 1 1
github.com/zeroroot-ai/gibson/internal/component/types.go:140.2,140.17 1 4
github.com/zeroroot-ai/gibson/internal/component/types.go:154.42,156.2 1 0
github.com/zeroroot-ai/gibson/internal/component/types.go:159.41,160.11 1 0
github.com/zeroroot-ai/gibson/internal/component/types.go:161.102,162.14 1 0
github.com/zeroroot-ai/gibson/internal/component/types.go:163.10,164.15 1 0
github.com/zeroroot-ai/gibson/internal/component/types.go:169.56,170.18 1 0
github.com/zeroroot-ai/gibson/internal/component/types.go:170.18,172.3 1 0
github.com/zeroroot-ai/gibson/internal/component/types.go:173.2,173.32 1 0
github.com/zeroroot-ai/gibson/internal/component/types.go:177.60,179.51 2 0
github.com/zeroroot-ai/gibson/internal/component/types.go:179.51,181.3 1 0
github.com/zeroroot-ai/gibson/internal/component/types.go:183.2,184.16 2 0
github.com/zeroroot-ai/gibson/internal/component/types.go:184.16,186.3 1 0
github.com/zeroroot-ai/gibson/internal/component/types.go:188.2,189.12 2 0
github.com/zeroroot-ai/gibson/internal/component/types.go:193.47,200.2 1 0
github.com/zeroroot-ai/gibson/internal/component/types.go:203.62,205.23 2 0
github.com/zeroroot-ai/gibson/internal/component/types.go:205.23,207.3 1 0
github.com/zeroroot-ai/gibson/internal/component/types.go:208.2,208.20 1 0
github.com/zeroroot-ai/gibson/internal/component/types.go:232.38,233.23 1 0
github.com/zeroroot-ai/gibson/internal/component/types.go:233.23,235.3 1 0
github.com/zeroroot-ai/gibson/internal/component/types.go:237.2,237.18 1 0
github.com/zeroroot-ai/gibson/internal/component/types.go:237.18,239.3 1 0
github.com/zeroroot-ai/gibson/internal/component/types.go:241.2,241.21 1 0
github.com/zeroroot-ai/gibson/internal/component/types.go:241.21,243.3 1 0
github.com/zeroroot-ai/gibson/internal/component/types.go:245.2,245.18 1 0
github.com/zeroroot-ai/gibson/internal/component/types.go:245.18,247.3 1 0
github.com/zeroroot-ai/gibson/internal/component/types.go:249.2,249.25 1 0
github.com/zeroroot-ai/gibson/internal/component/types.go:249.25,251.3 1 0
github.com/zeroroot-ai/gibson/internal/component/types.go:253.2,253.25 1 0
github.com/zeroroot-ai/gibson/internal/component/types.go:253.25,255.3 1 0
github.com/zeroroot-ai/gibson/internal/component/types.go:258.2,258.39 1 0
github.com/zeroroot-ai/gibson/internal/component/types.go:258.39,259.35 1 0
github.com/zeroroot-ai/gibson/internal/component/types.go:259.35,261.4 1 0
github.com/zeroroot-ai/gibson/internal/component/types.go:265.2,265.40 1 0
github.com/zeroroot-ai/gibson/internal/component/types.go:265.40,266.16 1 0
github.com/zeroroot-ai/gibson/internal/component/types.go:266.16,268.4 1 0
github.com/zeroroot-ai/gibson/internal/component/types.go:269.3,269.25 1 0
github.com/zeroroot-ai/gibson/internal/component/types.go:269.25,271.4 1 0
github.com/zeroroot-ai/gibson/internal/component/types.go:275.2,275.23 1 0
github.com/zeroroot-ai/gibson/internal/component/types.go:275.23,276.47 1 0
github.com/zeroroot-ai/gibson/internal/component/types.go:276.47,278.4 1 0
github.com/zeroroot-ai/gibson/internal/component/types.go:281.2,281.12 1 0
github.com/zeroroot-ai/gibson/internal/component/types.go:285.38,287.2 1 0
github.com/zeroroot-ai/gibson/internal/component/types.go:290.38,292.2 1 0
github.com/zeroroot-ai/gibson/internal/component/types.go:295.40,297.2 1 0
github.com/zeroroot-ai/gibson/internal/component/types.go:300.37,302.2 1 0
github.com/zeroroot-ai/gibson/internal/component/types.go:305.37,307.2 1 0
github.com/zeroroot-ai/gibson/internal/component/types.go:310.39,312.2 1 0
github.com/zeroroot-ai/gibson/internal/component/types.go:315.39,317.2 1 0
github.com/zeroroot-ai/gibson/internal/component/types.go:321.58,327.77 4 0
github.com/zeroroot-ai/gibson/internal/component/types.go:327.77,331.3 3 0
github.com/zeroroot-ai/gibson/internal/component/types.go:334.2,334.77 1 0
github.com/zeroroot-ai/gibson/internal/component/types.go:334.77,337.3 2 0
